19:43:43.460 INFO  [main] [app](FullNode.java:46) Full node running.
19:43:43.576 WARN  [main] [app](LocalWitnesses.java:100) privateKey is null
19:43:43.860 INFO  [main] [app](Args.java:1086) Bind address wasn't set, Punching to identify it...
19:43:43.912 INFO  [main] [app](Args.java:1089) UDP local bound to: 192.168.101.173
19:43:43.915 INFO  [main] [app](Args.java:1104) External IP wasn't set, using checkip.amazonaws.com to identify it...
19:43:44.115 INFO  [main] [app](Args.java:1118) External address identified: 38.142.72.82
19:43:44.120 INFO  [main] [app](Args.java:1164) 

19:43:44.120 INFO  [main] [app](Args.java:1165) ************************ Net config ************************
19:43:44.120 INFO  [main] [app](Args.java:1166) P2P version: 11111
19:43:44.120 INFO  [main] [app](Args.java:1167) Bind IP: 192.168.101.173
19:43:44.120 INFO  [main] [app](Args.java:1168) External IP: 38.142.72.82
19:43:44.120 INFO  [main] [app](Args.java:1169) Listen port: 18888
19:43:44.120 INFO  [main] [app](Args.java:1170) Discover enable: true
19:43:44.120 INFO  [main] [app](Args.java:1171) Active node size: 0
19:43:44.120 INFO  [main] [app](Args.java:1172) Passive node size: 0
19:43:44.120 INFO  [main] [app](Args.java:1173) Seed node size: 29
19:43:44.120 INFO  [main] [app](Args.java:1174) Max connection: 30
19:43:44.120 INFO  [main] [app](Args.java:1175) Max connection with same IP: 2
19:43:44.120 INFO  [main] [app](Args.java:1176) Solidity threads: 8
19:43:44.120 INFO  [main] [app](Args.java:1177) ************************ Backup config ************************
19:43:44.120 INFO  [main] [app](Args.java:1178) Backup listen port: 10001
19:43:44.121 INFO  [main] [app](Args.java:1179) Backup member size: 0
19:43:44.121 INFO  [main] [app](Args.java:1180) Backup priority: 8
19:43:44.121 INFO  [main] [app](Args.java:1181) ************************ Code version *************************
19:43:44.121 INFO  [main] [app](Args.java:1182) Code version : 3.5
19:43:44.121 INFO  [main] [app](Args.java:1183) ************************ DB config *************************
19:43:44.121 INFO  [main] [app](Args.java:1184) DB version : 2
19:43:44.121 INFO  [main] [app](Args.java:1185) ***************************************************************
19:43:44.121 INFO  [main] [app](Args.java:1186) 

19:43:44.121 INFO  [main] [app](FullNode.java:60) not in debug mode, it will check energy time
19:43:44.210 INFO  [main] [o.t.c.a.TronApplicationContext](AbstractApplicationContext.java:573) Refreshing org.tron.common.application.TronApplicationContext@a1cdc6d: startup date [Mon Mar 04 19:43:44 PST 2019]; root of context hierarchy
19:43:44.988 INFO  [main] [o.s.b.f.a.AutowiredAnnotationBeanPostProcessor](AutowiredAnnotationBeanPostProcessor.java:153) JSR-330 'javax.inject.Inject' annotation found and supported for autowiring
19:43:45.320 INFO  [main] [DB](DynamicPropertiesStore.java:1470) update latest block header timestamp = 0
19:43:45.322 INFO  [main] [DB](DynamicPropertiesStore.java:1478) update latest block header number = 0
19:43:45.328 INFO  [main] [DB](DynamicPropertiesStore.java:1486) update latest block header id = 00
19:43:45.329 INFO  [main] [DB](DynamicPropertiesStore.java:1493) update state flag = 0
19:43:45.585 INFO  [main] [DB](Manager.java:504) create genesis block
19:43:45.587 INFO  [main] [DB](Manager.java:510) save block: BlockCapsule 
[ hash=00000000000000001ebf88508a03865c71d452e25f4d51194196a1d22b6653dc
number=0
parentId=e58f33f9baf9305dc6f82b9f1934ea8f0ade2defb951258d50167028c780351f
witness address=41206e65772073797374656d206d75737420616c6c6f77206578697374696e672073797374656d7320746f206265206c696e6b656420746f67657468657220776974686f757420726571756972696e6720616e792063656e7472616c20636f6e74726f6c206f7220636f6f7264696e6174696f6e
generated by myself=true
generate time=1969-12-31 16:00:00.0
merkle root=8ef446bf3f395af929c218014f6101ec86576c5f61b2ae3236bf3a2ab5e2fecd
txs size=3
]
19:43:45.587 INFO  [main] [DB](DynamicPropertiesStore.java:1478) update latest block header number = 0
19:43:45.587 INFO  [main] [DB](DynamicPropertiesStore.java:1486) update latest block header id = 00000000000000001ebf88508a03865c71d452e25f4d51194196a1d22b6653dc
19:43:45.587 INFO  [main] [DB](DynamicPropertiesStore.java:1470) update latest block header timestamp = 0
19:43:45.621 INFO  [main] [witness](WitnessController.java:61) initWits shuffled addresses:415095d4f4d26ebc672ca12fc0e3a48d6ce3b169d2
19:43:45.621 INFO  [main] [witness](WitnessController.java:61) initWits shuffled addresses:41d32b3fa8ca0b4896257fdf1821ac8d116da84c45
19:43:45.621 INFO  [main] [witness](WitnessController.java:61) initWits shuffled addresses:41df3bd4e0463534cb7f1f3ffc2ec14ac4693dc3b2
19:43:45.621 INFO  [main] [witness](WitnessController.java:61) initWits shuffled addresses:4127a6419bbe59f4e64a064d710787e578a150d6a7
19:43:45.622 INFO  [main] [witness](WitnessController.java:61) initWits shuffled addresses:4108b55b2611ec829d308a62b3339fba9dd5c27151
19:43:45.622 INFO  [main] [witness](WitnessController.java:61) initWits shuffled addresses:416419765bacf1dc441f722cabc8b661140558bb5d
19:43:45.622 INFO  [main] [witness](WitnessController.java:61) initWits shuffled addresses:414b4778beebb48abe0bc1df42e92e0fe64d0c8685
19:43:45.622 INFO  [main] [witness](WitnessController.java:61) initWits shuffled addresses:411661f25387370c9cd3a9a5d97e60ca90f4844e7e
19:43:45.622 INFO  [main] [witness](WitnessController.java:61) initWits shuffled addresses:41e40de6895c142ade8b86194063bcdbaa6c9360b6
19:43:45.622 INFO  [main] [witness](WitnessController.java:61) initWits shuffled addresses:41207ab1585b9cc6c4c1232f67e4a10e19a442fe68
19:43:45.622 INFO  [main] [witness](WitnessController.java:61) initWits shuffled addresses:41410e468919155aa847d83b0c206148511b6dc848
19:43:45.623 INFO  [main] [witness](WitnessController.java:61) initWits shuffled addresses:4186f5793eb678c65d9673d5498c550439d762c1cc
19:43:45.623 INFO  [main] [witness](WitnessController.java:61) initWits shuffled addresses:417040583133e831953ea4f65a8196fcffcfbf0d80
19:43:45.623 INFO  [main] [witness](WitnessController.java:61) initWits shuffled addresses:412edce151c81d9b4aae17f974f7f646242eff989d
19:43:45.623 INFO  [main] [witness](WitnessController.java:61) initWits shuffled addresses:41ffd564656556a8b6b79311a932e3d216f4fc030b
19:43:45.623 INFO  [main] [witness](WitnessController.java:61) initWits shuffled addresses:414593d27b70d21454b39ab60bf13291dae8dc0326
19:43:45.623 INFO  [main] [witness](WitnessController.java:61) initWits shuffled addresses:41746e6af4ac9db3473c0c955f1fca11d4013f32ed
19:43:45.624 INFO  [main] [witness](WitnessController.java:61) initWits shuffled addresses:41e72d833e0c46837c0802864acc5f119a0a904d05
19:43:45.624 INFO  [main] [witness](WitnessController.java:61) initWits shuffled addresses:41f8c7acc4c08cf36ca08fc2a61b1f5a7c8dea7bec
19:43:45.624 INFO  [main] [witness](WitnessController.java:61) initWits shuffled addresses:411d7aba13ea199a63d1647e58e39c16a9bb9da689
19:43:45.624 INFO  [main] [witness](WitnessController.java:61) initWits shuffled addresses:410694981b116304ed21e05896fb16a6bc2e91c92c
19:43:45.624 INFO  [main] [witness](WitnessController.java:61) initWits shuffled addresses:411155d10415fac16a8f4cb2f382ce0e0f0a7e64cc
19:43:45.624 INFO  [main] [witness](WitnessController.java:61) initWits shuffled addresses:41318b2b6b4c7fcaa4b62f25a282329e1952a3c0d1
19:43:45.625 INFO  [main] [witness](WitnessController.java:61) initWits shuffled addresses:41a857362c1b77cb04e8f2b51b6e970f24fa5c1e5b
19:43:45.625 INFO  [main] [witness](WitnessController.java:61) initWits shuffled addresses:41a8bb7680d85f9821b3d82505edc4663f6fbd8fde
19:43:45.625 INFO  [main] [witness](WitnessController.java:61) initWits shuffled addresses:4127bf0d1a57f335c11bc5d002dd82e9e0727cb967
19:43:45.625 INFO  [main] [witness](WitnessController.java:61) initWits shuffled addresses:4172fd5dfb8ab36eb28df8e4aee97966a60ebf9efe
19:43:45.630 INFO  [main] [DB](AssetUpdateHelper.java:34) Start updating the asset
19:43:45.647 INFO  [main] [DB](AssetUpdateHelper.java:92) Total block：1
19:43:45.647 INFO  [main] [DB](AssetUpdateHelper.java:120) Complete the asset store update,Total assets：0
19:43:45.649 INFO  [main] [DB](AssetUpdateHelper.java:141) Complete the exchange store update,Total exchanges：0
19:43:45.651 INFO  [main] [DB](AssetUpdateHelper.java:189) The number of accounts that have completed the update ：0
19:43:45.655 INFO  [main] [DB](AssetUpdateHelper.java:194) Complete the account store update,Total assets：30
19:43:45.656 INFO  [main] [DB](AssetUpdateHelper.java:40) Complete the asset update,Total time：26 milliseconds
19:43:45.656 INFO  [main] [DB](Manager.java:580) begin to init txs cache.
19:43:45.670 INFO  [main] [DB](Manager.java:619) end to init txs cache. trxids:3, block count:1, empty block count:0, cost:14
19:43:45.752 INFO  [main] [discover](NodeManager.java:99) homeNode : Node{ host='38.142.72.82', port=18888, id=853d171d9d424cb65aead101ae49262d94f8847250eba5511fd3f34915fcdd9a5a4867c5723c247a96d507b3c9b4e9088cc9e5334c822c6f00d093177d0da22a}
19:43:45.752 INFO  [main] [discover](NodeManager.java:100) bootNodes : size= 29
19:43:45.860 INFO  [main] [net](PeerConnectionCheckService.java:44) start the PeerConnectionCheckService
19:43:46.420 INFO  [main] [app](FullNode.java:102) ********register application shutdown hook********
19:43:50.947 INFO  [main] [API](RpcApiService.java:176) RpcApiService started, listening on 50051
19:43:50.949 INFO  [DiscoverServer] [discover](DiscoverServer.java:102) Discovery server started, bind port 18888
19:43:50.950 INFO  [nioEventLoopGroup-2-1] [discover](NodeManager.java:146) Reading Node statistics from PeersStore: 0 nodes.
19:43:50.955 INFO  [main] [o.e.j.u.log](Log.java:193) Logging initialized @7736ms to org.eclipse.jetty.util.log.Slf4jLog
19:43:51.065 WARN  [main] [o.e.j.s.h.ContextHandler](ContextHandler.java:1566) o.e.j.s.ServletContextHandler@535a518c{/,null,UNAVAILABLE} contextPath ends with /
19:43:51.079 INFO  [main] [o.e.j.s.Server](Server.java:374) jetty-9.4.z-SNAPSHOT; built: 2018-06-05T18:24:03.829Z; git: d5fc0523cfa96bfebfbda19606cad384d772f04c; jvm 1.8.0_202-b08
19:43:51.105 INFO  [main] [o.e.j.s.session](DefaultSessionIdManager.java:365) DefaultSessionIdManager workerName=node0
19:43:51.105 INFO  [main] [o.e.j.s.session](DefaultSessionIdManager.java:370) No SessionScavenger set, using defaults
19:43:51.106 INFO  [main] [o.e.j.s.session](HouseKeeper.java:149) node0 Scavenging every 660000ms
19:43:51.114 INFO  [main] [o.e.j.s.h.ContextHandler](ContextHandler.java:851) Started o.e.j.s.ServletContextHandler@535a518c{/wallet,null,AVAILABLE}
19:43:51.119 INFO  [main] [o.e.j.s.AbstractConnector](AbstractConnector.java:289) Started ServerConnector@6869d2d7{HTTP/1.1,[http/1.1]}{0.0.0.0:8090}
19:43:51.119 INFO  [main] [o.e.j.s.Server](Server.java:411) Started @7900ms
19:43:51.124 INFO  [main] [API](RpcApiServiceOnSolidity.java:95) RpcApiServiceOnSolidity started, listening on 50061
19:43:51.125 INFO  [main] [o.e.j.s.Server](Server.java:374) jetty-9.4.z-SNAPSHOT; built: 2018-06-05T18:24:03.829Z; git: d5fc0523cfa96bfebfbda19606cad384d772f04c; jvm 1.8.0_202-b08
19:43:51.126 INFO  [main] [o.e.j.s.session](DefaultSessionIdManager.java:365) DefaultSessionIdManager workerName=node0
19:43:51.126 INFO  [main] [o.e.j.s.session](DefaultSessionIdManager.java:370) No SessionScavenger set, using defaults
19:43:51.127 INFO  [main] [o.e.j.s.session](HouseKeeper.java:149) node0 Scavenging every 600000ms
19:43:51.128 INFO  [main] [o.e.j.s.h.ContextHandler](ContextHandler.java:851) Started o.e.j.s.ServletContextHandler@19e21f89{/,null,AVAILABLE}
19:43:51.129 INFO  [main] [o.e.j.s.AbstractConnector](AbstractConnector.java:289) Started ServerConnector@31e739bf{HTTP/1.1,[http/1.1]}{0.0.0.0:8091}
19:43:51.130 INFO  [main] [o.e.j.s.Server](Server.java:411) Started @7910ms
19:43:51.131 INFO  [main] [net](ChannelManager.java:69) Trust peer size 0
19:43:51.136 INFO  [main] [net](NodeImpl.java:705) other peer is nil, please wait ... 
19:43:51.139 INFO  [PeerServerThread] [net](PeerServer.java:81) TCP listener started, bind port 18888
19:43:51.139 WARN  [PeerServerThread] [i.n.b.ServerBootstrap](Slf4JLogger.java:146) Unknown channel option 'SO_KEEPALIVE' for channel '[id: 0xf962207e]'
19:44:01.139 INFO  [main] [net](NodeImpl.java:705) other peer is nil, please wait ... 
19:44:01.140 INFO  [pool-1-thread-1] [net](NodeImpl.java:609) LocalNode stats:
============
MyHeadBlockNum: 0
advObjToSpread: 0
advObjToFetch: 0
advObjWeRequested: 0
unSyncNum: 0
blockWaitToProc: 0
blockJustReceived: 0
syncBlockIdWeRequested: 0

19:44:11.144 INFO  [main] [net](NodeImpl.java:705) other peer is nil, please wait ... 
19:44:11.145 INFO  [pool-1-thread-1] [net](NodeImpl.java:609) LocalNode stats:
============
MyHeadBlockNum: 0
advObjToSpread: 0
advObjToFetch: 0
advObjWeRequested: 0
unSyncNum: 0
blockWaitToProc: 0
blockJustReceived: 0
syncBlockIdWeRequested: 0

19:44:14.576 INFO  [Thread-4] [app](ApplicationImpl.java:70) ******** begin to shutdown ********
